This is pdfTeXk, Version 3.141592-1.40.3 (Web2C 7.5.6) (format=pdflatex 2011.9.15)  15 MAR 2012 16:46
entering extended mode
 %&-line parsing enabled.
**dissertation-teamo.tex
(./dissertation-teamo.tex
LaTeX2e <2005/12/01>
Babel <v3.8h> and hyphenation patterns for english, usenglishmax, dumylang, noh
yphenation, arabic, basque, bulgarian, coptic, welsh, czech, slovak, german, ng
erman, danish, esperanto, spanish, catalan, galician, estonian, farsi, finnish,
 french, greek, monogreek, ancientgreek, croatian, hungarian, interlingua, ibyc
us, indonesian, icelandic, italian, latin, mongolian, dutch, norsk, polish, por
tuguese, pinyin, romanian, russian, slovenian, uppersorbian, serbian, swedish, 
turkish, ukenglish, ukrainian, loaded.
(./l3proj.cls
Document Class: l3proj 2009/01/09 Colin Perkins <csp@dcs.gla.ac.uk>.2009/09/16 
Modified by Tim Storer <tws@dcs.gla.ac.uk> to support non pdf modes.
(/usr/share/texmf/tex/latex/base/report.cls
Document Class: report 2005/09/16 v1.4f Standard LaTeX document class
(/usr/share/texmf/tex/latex/base/size11.clo
File: size11.clo 2005/09/16 v1.4f Standard LaTeX file (size option)
)
\c@part=\count79
\c@chapter=\count80
\c@section=\count81
\c@subsection=\count82
\c@subsubsection=\count83
\c@paragraph=\count84
\c@subparagraph=\count85
\c@figure=\count86
\c@table=\count87
\abovecaptionskip=\skip41
\belowcaptionskip=\skip42
\bibindent=\dimen102
)
(/usr/share/texmf/tex/generic/oberdiek/ifpdf.sty
Package: ifpdf 2006/02/20 v1.4 Provides the ifpdf switch (HO)
Package ifpdf Info: pdfTeX in pdf mode detected.
)
(/usr/share/texmf/tex/latex/graphics/graphicx.sty
Package: graphicx 1999/02/16 v1.0f Enhanced LaTeX Graphics (DPC,SPQR)

(/usr/share/texmf/tex/latex/graphics/keyval.sty
Package: keyval 1999/03/16 v1.13 key=value parser (DPC)
\KV@toks@=\toks14
)
(/usr/share/texmf/tex/latex/graphics/graphics.sty
Package: graphics 2006/02/20 v1.0o Standard LaTeX Graphics (DPC,SPQR)

(/usr/share/texmf/tex/latex/graphics/trig.sty
Package: trig 1999/03/16 v1.09 sin cos tan (DPC)
)
(/usr/share/texmf/tex/latex/config/graphics.cfg
File: graphics.cfg 2007/01/18 v1.5 graphics configuration of teTeX/TeXLive
)
Package graphics Info: Driver file: pdftex.def on input line 90.

(/usr/share/texmf/tex/latex/pdftex-def/pdftex.def
File: pdftex.def 2007/01/08 v0.04d Graphics/color for pdfTeX
\Gread@gobject=\count88
))
\Gin@req@height=\dimen103
\Gin@req@width=\dimen104
)
(/usr/share/texmf/tex/latex/psnfss/times.sty
Package: times 2005/04/12 PSNFSS-v9.2a (SPQR) 
))
(/usr/share/texmf/tex/latex/wrapfig/wrapfig.sty
\wrapoverhang=\dimen105
\WF@size=\dimen106
\c@WF@wrappedlines=\count89
\WF@box=\box26
\WF@everypar=\toks15
Package: wrapfig 2003/01/31  v 3.6
)
(/usr/share/texmf/tex/latex/subfig/subfig.sty
Package: subfig 2005/06/28 ver: 1.3 subfig package

(/usr/share/texmf/tex/latex/caption/caption.sty
Package: caption 2007/01/07 v3.0k Customising captions (AR)

(/usr/share/texmf/tex/latex/caption/caption3.sty
Package: caption3 2007/01/07 v3.0k caption3 kernel (AR)
\captionmargin=\dimen107
\captionmarginx=\dimen108
\captionwidth=\dimen109
\captionindent=\dimen110
\captionparindent=\dimen111
\captionhangindent=\dimen112
))
\c@KVtest=\count90
\sf@farskip=\skip43
\sf@captopadj=\dimen113
\sf@capskip=\skip44
\sf@nearskip=\skip45
\c@subfigure=\count91
\c@subfigure@save=\count92
\c@lofdepth=\count93
\c@subtable=\count94
\c@subtable@save=\count95
\c@lotdepth=\count96
\sf@top=\skip46
\sf@bottom=\skip47
)
(/usr/share/texmf/tex/latex/ltxmisc/url.sty
\Urlmuskip=\muskip10
Package: url 2005/06/27  ver 3.2  Verb mode for urls, etc.
)
(/usr/share/texmf/tex/latex/appendix/appendix.sty
Package: appendix 2002/08/06 v1.2 extra appendix facilities
\c@@pps=\count97
\c@@ppsavesec=\count98
\c@@ppsaveapp=\count99
) (./dissertation-teamo.aux)
\openout1 = `dissertation-teamo.aux'.

LaTeX Font Info:    Checking defaults for OML/cmm/m/it on input line 14.
LaTeX Font Info:    ... okay on input line 14.
LaTeX Font Info:    Checking defaults for T1/cmr/m/n on input line 14.
LaTeX Font Info:    ... okay on input line 14.
LaTeX Font Info:    Checking defaults for OT1/cmr/m/n on input line 14.
LaTeX Font Info:    ... okay on input line 14.
LaTeX Font Info:    Checking defaults for OMS/cmsy/m/n on input line 14.
LaTeX Font Info:    ... okay on input line 14.
LaTeX Font Info:    Checking defaults for OMX/cmex/m/n on input line 14.
LaTeX Font Info:    ... okay on input line 14.
LaTeX Font Info:    Checking defaults for U/cmr/m/n on input line 14.
LaTeX Font Info:    ... okay on input line 14.
LaTeX Font Info:    Try loading font information for OT1+ptm on input line 14.

(/usr/share/texmf/tex/latex/psnfss/ot1ptm.fd
File: ot1ptm.fd 2001/06/04 font definitions for OT1/ptm.
)
(/usr/share/texmf/tex/latex/ragged2e/ragged2e.sty
Package: ragged2e 2003/03/25 v2.04 ragged2e Package (MS)

(/usr/share/texmf/tex/latex/everysel/everysel.sty
Package: everysel 1999/06/08 v1.03 EverySelectfont Package (MS)
LaTeX Info: Redefining \selectfont on input line 125.
)
\CenteringLeftskip=\skip48
\RaggedLeftLeftskip=\skip49
\RaggedRightLeftskip=\skip50
\CenteringRightskip=\skip51
\RaggedLeftRightskip=\skip52
\RaggedRightRightskip=\skip53
\CenteringParfillskip=\skip54
\RaggedLeftParfillskip=\skip55
\RaggedRightParfillskip=\skip56
\JustifyingParfillskip=\skip57
\CenteringParindent=\skip58
\RaggedLeftParindent=\skip59
\RaggedRightParindent=\skip60
\JustifyingParindent=\skip61
)
Package caption Info: subref 1.2 or 1.3 detected on input line 14.
LaTeX Info: Redefining \subref on input line 14.

<images/CompSci_mono.pdf, id=1, 413.545pt x 93.34875pt>
File: images/CompSci_mono.pdf Graphic file (type pdf)

<use images/CompSci_mono.pdf>
LaTeX Font Info:    External font `cmex10' loaded for size
(Font)              <12> on input line 24.
LaTeX Font Info:    External font `cmex10' loaded for size
(Font)              <8> on input line 24.
LaTeX Font Info:    External font `cmex10' loaded for size
(Font)              <6> on input line 24.
 [1

{/usr/share/texmf/fonts/map/pdftex/updmap/pdftex.map} <./images/CompSci_mono.pd
f>]
LaTeX Font Info:    Font shape `OT1/ptm/bx/n' in size <10.95> not available
(Font)              Font shape `OT1/ptm/b/n' tried instead on input line 25.
 [1]
LaTeX Font Info:    Font shape `OT1/ptm/bx/n' in size <14.4> not available
(Font)              Font shape `OT1/ptm/b/n' tried instead on input line 30.
LaTeX Font Info:    External font `cmex10' loaded for size
(Font)              <10.95> on input line 30.
 [1]
LaTeX Font Info:    Font shape `OT1/ptm/bx/n' in size <24.88> not available
(Font)              Font shape `OT1/ptm/b/n' tried instead on input line 31.
 (./dissertation-teamo.toc [2

]
[3])
\tf@toc=\write3
\openout3 = `dissertation-teamo.toc'.

 [4]
Underfull \hbox (badness 10000) in paragraph at lines 49--50

 []


Underfull \hbox (badness 10000) in paragraph at lines 49--50

 []


Underfull \hbox (badness 10000) in paragraph at lines 49--50

 []


Underfull \hbox (badness 10000) in paragraph at lines 49--50

 []

Missing character: There is no √ in font ptmr7t!
Missing character: There is no ´ in font ptmr7t!
[5]
Chapter 1.
LaTeX Font Info:    Font shape `OT1/ptm/bx/n' in size <20.74> not available
(Font)              Font shape `OT1/ptm/b/n' tried instead on input line 55.

Underfull \hbox (badness 10000) in paragraph at lines 57--58

 []


Underfull \hbox (badness 10000) in paragraph at lines 59--62

 []


Underfull \hbox (badness 10000) in paragraph at lines 59--62

 []

[6

]
LaTeX Font Info:    Try loading font information for OMS+ptm on input line 67.
 (/usr/share/texmf/tex/latex/psnfss/omsptm.fd
File: omsptm.fd 
)
LaTeX Font Info:    Font shape `OMS/ptm/m/n' in size <10.95> not available
(Font)              Font shape `OMS/cmsy/m/n' tried instead on input line 67.

Underfull \hbox (badness 10000) in paragraph at lines 75--76

 []


Underfull \hbox (badness 10000) in paragraph at lines 78--80

 []

[7] <DiffusionOfInnovation.png, id=43, 543.02875pt x 335.2525pt>
File: DiffusionOfInnovation.png Graphic file (type png)

<use DiffusionOfInnovation.png>
Overfull \hbox (1.26851pt too wide) in paragraph at lines 84--84
[] \OT1/ptm/m/n/10.95 Fig-ure 1.1: |Roger's bell curve, source: http://en.wikip
edia.org/wiki/File:DiffusionOfInnovation.png| 
 []

LaTeX Font Info:    External font `cmex10' loaded for size
(Font)              <9> on input line 88.
LaTeX Font Info:    External font `cmex10' loaded for size
(Font)              <5> on input line 88.
[8 <./DiffusionOfInnovation.png (PNG copy)>]
<tam.png, id=47, 432.8973pt x 162.8484pt>
File: tam.png Graphic file (type png)
 <use tam.png>
Overfull \hbox (0.62625pt too wide) in paragraph at lines 99--100
 [] 
 []


Overfull \hbox (60.62502pt too wide) in paragraph at lines 100--100
[] \OT1/ptm/m/n/10.95 Fig-ure 1.2: |Tech-nol-ogy Adop-tion Model, source: \OT1/
ptm/m/n/10 http://en.wikipedia.org/wiki/File:Technology[]Acceptance[]Model.png|
 
 []


Underfull \hbox (badness 10000) in paragraph at lines 104--107

 []


Underfull \hbox (badness 10000) in paragraph at lines 104--107

 []

[9 <./tam.png>] [10]
Chapter 2.

Underfull \hbox (badness 10000) in paragraph at lines 121--124

 []

<ex1doctrans.png, id=55, 1015.795pt x 519.9425pt>
File: ex1doctrans.png Graphic file (type png)
 <use ex1doctrans.png>
Underfull \hbox (badness 10000) in paragraph at lines 132--135

 []

[11

] <wireframes/bt-3step.png, id=60, 963.6pt x 500.87125pt>
File: wireframes/bt-3step.png Graphic file (type png)

<use wireframes/bt-3step.png>
Underfull \hbox (badness 10000) in paragraph at lines 143--145

 []


Underfull \hbox (badness 10000) in paragraph at lines 143--145

 []

[12 <./ex1doctrans.png (PNG copy)>] [13 <./wireframes/bt-3step.png>]
<jobstatuses.png, id=68, 1041.8925pt x 564.1075pt>
File: jobstatuses.png Graphic file (type png)
 <use jobstatuses.png>
Underfull \hbox (badness 10000) in paragraph at lines 181--182

 []

[14 <./jobstatuses.png>]
Underfull \hbox (badness 10000) in paragraph at lines 185--187

 []

[15] <userProcessClient.png, id=76, 348.30125pt x 1032.85875pt>
File: userProcessClient.png Graphic file (type png)

<use userProcessClient.png>
Underfull \hbox (badness 10000) in paragraph at lines 198--199

 []


Underfull \hbox (badness 1173) in paragraph at lines 200--201
\OT1/ptm/m/n/10.95 is-ter by: in-putting name and e-mail ad-dress, up-
 []


Underfull \hbox (badness 2564) in paragraph at lines 200--201
\OT1/ptm/m/n/10.95 load-ing one or more file(s), and set-ting trans-la-
 []


Underfull \hbox (badness 1122) in paragraph at lines 200--201
\OT1/ptm/m/n/10.95 ser-vice are al-lowed to reg-is-ter. Also, e-mail ac-
 []


Underfull \hbox (badness 1721) in paragraph at lines 200--201
\OT1/ptm/m/n/10.95 ti-va-tion is re-quired to fin-ish the reg-is-tra-tion. If
 []


Underfull \hbox (badness 1460) in paragraph at lines 200--201
\OT1/ptm/m/n/10.95 the sys-tem finds that the in-putted E-mail ad-dress
 []


Underfull \hbox (badness 10000) in paragraph at lines 200--201

 []


Underfull \hbox (badness 1688) in paragraph at lines 202--203
[]\OT1/ptm/m/n/10.95 Either by fin-ish-ing the reg-is-tra-tion pro-cess or by
 []


Underfull \hbox (badness 2418) in paragraph at lines 202--203
\OT1/ptm/m/n/10.95 sub-mit-ting a new job (up-load-ing file(s) and set-
 []


Underfull \hbox (badness 10000) in paragraph at lines 202--203

 []


Underfull \hbox (badness 10000) in paragraph at lines 204--205

 []


Underfull \hbox (badness 10000) in paragraph at lines 206--207

 []


Underfull \hbox (badness 10000) in paragraph at lines 208--209

 []


Underfull \hbox (badness 10000) in paragraph at lines 210--211

 []

Missing character: There is no ‚ in font ptmr7t!
Missing character: There is no Ä in font ptmr7t!
Missing character: There is no ú in font ptmr7t!
Missing character: There is no ‚ in font ptmr7t!
Missing character: There is no Ä in font ptmr7t!
Missing character: There is no ù in font ptmr7t!
Missing character: There is no ‚ in font ptmr7t!
Missing character: There is no Ä in font ptmr7t!
Missing character: There is no ú in font ptmr7t!
Missing character: There is no ‚ in font ptmr7t!
Missing character: There is no Ä in font ptmr7t!
Missing character: There is no ù in font ptmr7t!
Missing character: There is no ‚ in font ptmr7t!
Missing character: There is no Ä in font ptmr7t!
Missing character: There is no ú in font ptmr7t!
Missing character: There is no ‚ in font ptmr7t!
Missing character: There is no Ä in font ptmr7t!
Missing character: There is no ù in font ptmr7t!
Missing character: There is no ‚ in font ptmr7t!
Missing character: There is no Ä in font ptmr7t!
Missing character: There is no ú in font ptmr7t!
Missing character: There is no ‚ in font ptmr7t!
Missing character: There is no Ä in font ptmr7t!
Missing character: There is no ù in font ptmr7t!

Underfull \hbox (badness 10000) in paragraph at lines 212--213

 []

[16 <./userProcessClient.png>]
<userProcessTranslator.png, id=81, 268.00125pt x 752.8125pt>
File: userProcessTranslator.png Graphic file (type png)

<use userProcessTranslator.png>
Underfull \hbox (badness 10000) in paragraph at lines 225--226

 []


Underfull \hbox (badness 10000) in paragraph at lines 227--228

 []


Underfull \hbox (badness 10000) in paragraph at lines 229--230

 []


Underfull \hbox (badness 10000) in paragraph at lines 231--232

 []


Underfull \hbox (badness 1147) in paragraph at lines 233--234
\OT1/ptm/m/n/10.95 then be wait-ing for the client to pay. Only af-ter the
 []


Underfull \hbox (badness 1009) in paragraph at lines 233--234
\OT1/ptm/m/n/10.95 pay-ment is suc-cess-ful an ac-tual trans-la-tion pro-cess w
ill
 []


Underfull \hbox (badness 10000) in paragraph at lines 233--234

 []


Underfull \hbox (badness 10000) in paragraph at lines 235--236

 []


Underfull \hbox (badness 10000) in paragraph at lines 237--238

 []

Missing character: There is no ‚ in font ptmr7t!
Missing character: There is no Ä in font ptmr7t!
Missing character: There is no ú in font ptmr7t!
Missing character: There is no ‚ in font ptmr7t!
Missing character: There is no Ä in font ptmr7t!
Missing character: There is no ù in font ptmr7t!
Missing character: There is no ‚ in font ptmr7t!
Missing character: There is no Ä in font ptmr7t!
Missing character: There is no ú in font ptmr7t!
Missing character: There is no ‚ in font ptmr7t!
Missing character: There is no Ä in font ptmr7t!
Missing character: There is no ù in font ptmr7t!
Missing character: There is no ‚ in font ptmr7t!
Missing character: There is no Ä in font ptmr7t!
Missing character: There is no ú in font ptmr7t!
Missing character: There is no ‚ in font ptmr7t!
Missing character: There is no Ä in font ptmr7t!
Missing character: There is no ù in font ptmr7t!
Missing character: There is no ‚ in font ptmr7t!
Missing character: There is no Ä in font ptmr7t!
Missing character: There is no ú in font ptmr7t!
Missing character: There is no ‚ in font ptmr7t!
Missing character: There is no Ä in font ptmr7t!
Missing character: There is no ù in font ptmr7t!
Missing character: There is no ‚ in font ptmr7t!
Missing character: There is no Ä in font ptmr7t!
Missing character: There is no ú in font ptmr7t!
Missing character: There is no ‚ in font ptmr7t!
Missing character: There is no Ä in font ptmr7t!
Missing character: There is no ù in font ptmr7t!

Underfull \hbox (badness 10000) in paragraph at lines 239--240

 []

Missing character: There is no ‚ in font ptmr7t!
Missing character: There is no Ä in font ptmr7t!
Missing character: There is no ú in font ptmr7t!
Missing character: There is no ‚ in font ptmr7t!
Missing character: There is no Ä in font ptmr7t!
Missing character: There is no ù in font ptmr7t!

Underfull \hbox (badness 10000) in paragraph at lines 241--242

 []

Missing character: There is no ‚ in font ptmr7t!
Missing character: There is no Ä in font ptmr7t!
Missing character: There is no ú in font ptmr7t!
Missing character: There is no ‚ in font ptmr7t!
Missing character: There is no Ä in font ptmr7t!
Missing character: There is no ù in font ptmr7t!
Missing character: There is no ‚ in font ptmr7t!
Missing character: There is no Ä in font ptmr7t!
Missing character: There is no ú in font ptmr7t!
Missing character: There is no ‚ in font ptmr7t!
Missing character: There is no Ä in font ptmr7t!
Missing character: There is no ù in font ptmr7t!

Underfull \hbox (badness 10000) in paragraph at lines 243--244

 []

[17 <./userProcessTranslator.png>]
<bt-erdiag.png, id=87, 1248.665pt x 552.0625pt>
File: bt-erdiag.png Graphic file (type png)
 <use bt-erdiag.png>
LaTeX Font Info:    Font shape `OT1/ptm/bx/n' in size <12> not available
(Font)              Font shape `OT1/ptm/b/n' tried instead on input line 278.

<figures/jobstatus-page.pdf, id=88, 597.23125pt x 845.1575pt>
File: figures/jobstatus-page.pdf Graphic file (type pdf)

<use figures/jobstatus-page.pdf>

LaTeX Warning: `h' float specifier changed to `ht'.

<figures/website-structure.pdf, id=90, 597.23125pt x 845.1575pt>
File: figures/website-structure.pdf Graphic file (type pdf)

<use figures/website-structure.pdf>
Overfull \hbox (5.47498pt too wide) in paragraph at lines 336--337
 [] 
 []

<figures/website-structure-services.pdf, id=92, 597.23125pt x 845.1575pt>
File: figures/website-structure-services.pdf Graphic file (type pdf)

<use figures/website-structure-services.pdf>
Overfull \hbox (5.47498pt too wide) in paragraph at lines 338--349
 [] 
 []

<figures/website-structure-dashboard.pdf, id=94, 597.23125pt x 845.1575pt>
File: figures/website-structure-dashboard.pdf Graphic file (type pdf)

<use figures/website-structure-dashboard.pdf>
Overfull \hbox (5.47498pt too wide) in paragraph at lines 350--361
 [] 
 []

[18] [19 <./bt-erdiag.png>]
Missing character: There is no ‚ in font ptmr7t!
Missing character: There is no Ä in font ptmr7t!
Missing character: There is no ô in font ptmr7t!
Missing character: There is no ‚ in font ptmr7t!
Missing character: There is no Ä in font ptmr7t!
Missing character: There is no ô in font ptmr7t!


pdfTeX warning: pdflatex (file ./wireframes/main-layout.pdf): PDF inclusion: fo
und PDF version <1.5>, but at most version <1.4> allowed
<wireframes/main-layout.pdf, id=103, 794.97pt x 614.295pt>
File: wireframes/main-layout.pdf Graphic file (type pdf)

<use wireframes/main-layout.pdf> [20 <./figures/jobstatus-page.pdf>] [21 <./fig
ures/website-structure.pdf> <./figures/website-structure-services.pdf> <./figur
es/website-structure-dashboard.pdf>] [22 <./wireframes/main-layout.pdf>]
Missing character: There is no ‚ in font ptmr7t!
Missing character: There is no Ä in font ptmr7t!
Missing character: There is no ô in font ptmr7t!
Missing character: There is no ‚ in font ptmr7t!
Missing character: There is no Ä in font ptmr7t!
Missing character: There is no ô in font ptmr7t!

<wireframes/bt-homepagev3.png, id=175, 793.46437pt x 600.74437pt>
File: wireframes/bt-homepagev3.png Graphic file (type png)

<use wireframes/bt-homepagev3.png> [23 <./wireframes/bt-homepagev3.png>]

pdfTeX warning: pdflatex (file ./wireframes/about.pdf): PDF inclusion: found PD
F version <1.5>, but at most version <1.4> allowed
<wireframes/about.pdf, id=181, 794.97pt x 614.295pt>
File: wireframes/about.pdf Graphic file (type pdf)

<use wireframes/about.pdf>

pdfTeX warning: pdflatex (file ./wireframes/testimonials.pdf): PDF inclusion: f
ound PDF version <1.5>, but at most version <1.4> allowed
<wireframes/testimonials.pdf, id=182, 794.97pt x 614.295pt>
File: wireframes/testimonials.pdf Graphic file (type pdf)

<use wireframes/testimonials.pdf> [24 <./wireframes/about.pdf>]

pdfTeX warning: pdflatex (file ./wireframes/contact.pdf): PDF inclusion: found 
PDF version <1.5>, but at most version <1.4> allowed
<wireframes/contact.pdf, id=192, 794.97pt x 614.295pt>
File: wireframes/contact.pdf Graphic file (type pdf)

<use wireframes/contact.pdf> [25 <./wireframes/testimonials.pdf> <./wireframes/
contact.pdf>] [26]
Chapter 3.
LaTeX Font Info:    Try loading font information for OT1+pcr on input line 558.

(/usr/share/texmf/tex/latex/psnfss/ot1pcr.fd
File: ot1pcr.fd 2001/06/04 font definitions for OT1/pcr.
)
Missing character: There is no ‚ in font ptmr7t!
Missing character: There is no Ä in font ptmr7t!
Missing character: There is no ú in font ptmr7t!
Missing character: There is no ‚ in font ptmr7t!
Missing character: There is no Ä in font ptmr7t!
Missing character: There is no ù in font ptmr7t!

Underfull \hbox (badness 10000) in paragraph at lines 554--564

 []


Underfull \hbox (badness 10000) in paragraph at lines 554--564

 []


Underfull \hbox (badness 10000) in paragraph at lines 554--564

 []


Underfull \hbox (badness 10000) in paragraph at lines 554--564

 []


Underfull \hbox (badness 10000) in paragraph at lines 554--564

 []


Underfull \hbox (badness 10000) in paragraph at lines 554--564

 []

[27

]
LaTeX Font Info:    Font shape `OT1/ptm/bx/n' in size <10> not available
(Font)              Font shape `OT1/ptm/b/n' tried instead on input line 586.

Underfull \hbox (badness 10000) in paragraph at lines 576--636

 []


Underfull \hbox (badness 10000) in paragraph at lines 576--636

 []


Underfull \hbox (badness 10000) in paragraph at lines 576--636

 []


Underfull \hbox (badness 10000) in paragraph at lines 576--636

 []


Underfull \hbox (badness 10000) in paragraph at lines 576--636

 []


Underfull \hbox (badness 10000) in paragraph at lines 576--636

 []


Underfull \hbox (badness 10000) in paragraph at lines 576--636

 []

[28] [29]
Chapter 4.
[30

]
Chapter 5.
[31

]
Chapter 6.
No file dissertation-teamo.bbl.
[32

]
Appendix A.
LaTeX Font Info:    Font shape `OMS/ptm/m/n' in size <10> not available
(Font)              Font shape `OMS/cmsy/m/n' tried instead on input line 696.
LaTeX Font Info:    Font shape `OT1/ptm/bx/it' in size <10> not available
(Font)              Font shape `OT1/ptm/b/it' tried instead on input line 703.
[33

]
Appendix B.

Overfull \hbox (23.73634pt too wide) in paragraph at lines 713--714
\OT1/ptm/m/n/10 Any ex-ter-nally owned items ref-er-enced through-out this doc-
u-ment have been sourced at the web ad-dresses/textbooks
 []

[34

]
Appendix C.
LaTeX Font Info:    External font `cmex10' loaded for size
(Font)              <7> on input line 737.
[35

] [36] [37] <gantt.png, id=248, 1259.70625pt x 555.07375pt>
File: gantt.png Graphic file (type png)
 <use gantt.png>
[38] [39 <./gantt.png>] [40] [41]
Appendix D.
Missing character: There is no ‚ in font ptmb7t!
Missing character: There is no Ä in font ptmb7t!
Missing character: There is no ì in font ptmb7t!
Missing character: There is no ‚ in font ptmr7t!
Missing character: There is no Ä in font ptmr7t!
Missing character: There is no ì in font ptmr7t!

Underfull \hbox (badness 10000) in paragraph at lines 996--1001

 []


Underfull \hbox (badness 10000) in paragraph at lines 996--1001

 []


Underfull \hbox (badness 10000) in paragraph at lines 996--1001

 []


Underfull \hbox (badness 10000) in paragraph at lines 996--1001

 []


Underfull \hbox (badness 10000) in paragraph at lines 1004--1019

 []


Underfull \hbox (badness 10000) in paragraph at lines 1004--1019

 []


Underfull \hbox (badness 10000) in paragraph at lines 1004--1019

 []


Underfull \hbox (badness 10000) in paragraph at lines 1004--1019

 []


Underfull \hbox (badness 10000) in paragraph at lines 1004--1019

 []


Underfull \hbox (badness 10000) in paragraph at lines 1004--1019

 []


Underfull \hbox (badness 10000) in paragraph at lines 1004--1019

 []


Underfull \hbox (badness 10000) in paragraph at lines 1004--1019

 []


Underfull \hbox (badness 10000) in paragraph at lines 1004--1019

 []


Underfull \hbox (badness 10000) in paragraph at lines 1004--1019

 []


Underfull \hbox (badness 10000) in paragraph at lines 1004--1019

 []


Underfull \hbox (badness 10000) in paragraph at lines 1004--1019

 []


Underfull \hbox (badness 10000) in paragraph at lines 1004--1019

 []


Underfull \hbox (badness 10000) in paragraph at lines 1004--1019

 []


Underfull \hbox (badness 10000) in paragraph at lines 1004--1019

 []

[42

] [43] (./dissertation-teamo.aux) ) 
Here is how much of TeX's memory you used:
 1789 strings out of 256216
 27124 string characters out of 1917072
 82639 words of memory out of 1500000
 5030 multiletter control sequences out of 10000+200000
 37166 words of font info for 67 fonts, out of 1200000 for 2000
 645 hyphenation exceptions out of 8191
 43i,9n,42p,1806b,359s stack positions out of 5000i,500n,6000p,200000b,15000s
{/usr/share/texmf/fonts/enc/dvips/base/8r.en
c}</usr/share/texmf/fonts/type1/bluesky/cm/cmsy10.pfb></usr/share/texmf/fonts/t
ype1/urw/courier/ucrr8a.pfb></usr/share/texmf/fonts/type1/urw/times/utmb8a.pfb>
</usr/share/texmf/fonts/type1/urw/times/utmbi8a.pfb></usr/share/texmf/fonts/typ
e1/urw/times/utmr8a.pfb></usr/share/texmf/fonts/type1/urw/times/utmri8a.pfb>
Output written on dissertation-teamo.pdf (45 pages, 1698061 bytes).
PDF statistics:
 292 PDF objects out of 1000 (max. 8388607)
 0 named destinations out of 1000 (max. 131072)
 120 words of extra memory for PDF output out of 10000 (max. 10000000)

